<?xml version="1.0" encoding="UTF-8"?>
<testsuite name="com.group.libraryapp.JunitTest" tests="1" skipped="0" failures="0" errors="0" timestamp="2025-06-19T06:37:20" hostname="MacBookPro.local" time="0.001">
  <properties/>
  <testcase name="test1()" classname="com.group.libraryapp.JunitTest" time="0.001"/>
  <system-out><![CDATA[init
test1
]]></system-out>
  <system-err><![CDATA[]]></system-err>
</testsuite>
