<?xml version="1.0" encoding="UTF-8"?>
<testsuite name="com.group.libraryapp.service.book.BookServiceTest" tests="1" skipped="0" failures="0" errors="0" timestamp="2025-06-19T06:37:20" hostname="MacBookPro.local" time="0.002">
  <properties/>
  <testcase name="책 등록 정상 동작" classname="com.group.libraryapp.service.book.BookServiceTest" time="0.002"/>
  <system-out><![CDATA[2025-06-19 15:37:20.130  INFO 15049 --- [    Test worker] .b.t.c.SpringBootTestContextBootstrapper : Neither @ContextConfiguration nor @ContextHierarchy found for test class [com.group.libraryapp.service.book.BookServiceTest], using SpringBootContextLoader
2025-06-19 15:37:20.130  INFO 15049 --- [    Test worker] o.s.t.c.support.AbstractContextLoader    : Could not detect default resource locations for test class [com.group.libraryapp.service.book.BookServiceTest]: no resource found for suffixes {-context.xml, Context.groovy}.
2025-06-19 15:37:20.130  INFO 15049 --- [    Test worker] t.c.s.AnnotationConfigContextLoaderUtils : Could not detect default configuration classes for test class [com.group.libraryapp.service.book.BookServiceTest]: BookServiceTest does not declare any static, non-private, non-final, nested classes annotated with @Configuration.
2025-06-19 15:37:20.132  INFO 15049 --- [    Test worker] .b.t.c.SpringBootTestContextBootstrapper : Found @SpringBootConfiguration com.group.libraryapp.LibraryAppApplication for test class com.group.libraryapp.service.book.BookServiceTest
2025-06-19 15:37:20.133  INFO 15049 --- [    Test worker] .b.t.c.SpringBootTestContextBootstrapper : Loaded default TestExecutionListener class names from location [META-INF/spring.factories]: [org.springframework.boot.test.autoconfigure.restdocs.RestDocsTestExecutionListener, org.springframework.boot.test.autoconfigure.web.client.MockRestServiceServerResetTestExecutionListener, org.springframework.boot.test.autoconfigure.web.servlet.MockMvcPrintOnlyOnFailureTestExecutionListener, org.springframework.boot.test.autoconfigure.web.servlet.WebDriverTestExecutionListener, org.springframework.boot.test.autoconfigure.webservices.client.MockWebServiceServerTestExecutionListener, org.springframework.boot.test.mock.mockito.MockitoTestExecutionListener, org.springframework.boot.test.mock.mockito.ResetMocksTestExecutionListener, org.springframework.test.context.web.ServletTestExecutionListener, org.springframework.test.context.support.DirtiesContextBeforeModesTestExecutionListener, org.springframework.test.context.event.ApplicationEventsTestExecutionListener, org.springframework.test.context.support.DependencyInjectionTestExecutionListener, org.springframework.test.context.support.DirtiesContextTestExecutionListener, org.springframework.test.context.transaction.TransactionalTestExecutionListener, org.springframework.test.context.jdbc.SqlScriptsTestExecutionListener, org.springframework.test.context.event.EventPublishingTestExecutionListener]
2025-06-19 15:37:20.133  INFO 15049 --- [    Test worker] .b.t.c.SpringBootTestContextBootstrapper : Using TestExecutionListeners: [org.springframework.test.context.web.ServletTestExecutionListener@3e0600a4, org.springframework.test.context.support.DirtiesContextBeforeModesTestExecutionListener@341141ab, org.springframework.test.context.event.ApplicationEventsTestExecutionListener@1773faf8, org.springframework.boot.test.mock.mockito.MockitoTestExecutionListener@3ef4a8fb, org.springframework.boot.test.autoconfigure.SpringBootDependencyInjectionTestExecutionListener@30f99ca1, org.springframework.test.context.support.DirtiesContextTestExecutionListener@edb8f0c, org.springframework.test.context.transaction.TransactionalTestExecutionListener@6f70015, org.springframework.test.context.jdbc.SqlScriptsTestExecutionListener@1d5fc340, org.springframework.test.context.event.EventPublishingTestExecutionListener@613f48de, org.springframework.boot.test.autoconfigure.restdocs.RestDocsTestExecutionListener@33ce081a, org.springframework.boot.test.autoconfigure.web.client.MockRestServiceServerResetTestExecutionListener@d8751de, org.springframework.boot.test.autoconfigure.web.servlet.MockMvcPrintOnlyOnFailureTestExecutionListener@6e21c6ed, org.springframework.boot.test.autoconfigure.web.servlet.WebDriverTestExecutionListener@75c30a4f, org.springframework.boot.test.autoconfigure.webservices.client.MockWebServiceServerTestExecutionListener@360e4235, org.springframework.boot.test.mock.mockito.ResetMocksTestExecutionListener@1b0fc8b]
]]></system-out>
  <system-err><![CDATA[]]></system-err>
</testsuite>
