<?xml version="1.0" encoding="UTF-8"?>
<testsuite name="com.group.libraryapp.service.book.BookServiceTest" tests="1" skipped="0" failures="0" errors="0" timestamp="2025-06-19T05:44:30" hostname="MacBookPro.local" time="0.001">
  <properties/>
  <testcase name="책 등록 정상 동작" classname="com.group.libraryapp.service.book.BookServiceTest" time="0.001"/>
  <system-out><![CDATA[2025-06-19 14:44:30.298  INFO 12218 --- [    Test worker] .b.t.c.SpringBootTestContextBootstrapper : Neither @ContextConfiguration nor @ContextHierarchy found for test class [com.group.libraryapp.service.book.BookServiceTest], using SpringBootContextLoader
2025-06-19 14:44:30.298  INFO 12218 --- [    Test worker] o.s.t.c.support.AbstractContextLoader    : Could not detect default resource locations for test class [com.group.libraryapp.service.book.BookServiceTest]: no resource found for suffixes {-context.xml, Context.groovy}.
2025-06-19 14:44:30.298  INFO 12218 --- [    Test worker] t.c.s.AnnotationConfigContextLoaderUtils : Could not detect default configuration classes for test class [com.group.libraryapp.service.book.BookServiceTest]: BookServiceTest does not declare any static, non-private, non-final, nested classes annotated with @Configuration.
2025-06-19 14:44:30.300  INFO 12218 --- [    Test worker] .b.t.c.SpringBootTestContextBootstrapper : Found @SpringBootConfiguration com.group.libraryapp.LibraryAppApplication for test class com.group.libraryapp.service.book.BookServiceTest
2025-06-19 14:44:30.301  INFO 12218 --- [    Test worker] .b.t.c.SpringBootTestContextBootstrapper : Loaded default TestExecutionListener class names from location [META-INF/spring.factories]: [org.springframework.boot.test.autoconfigure.restdocs.RestDocsTestExecutionListener, org.springframework.boot.test.autoconfigure.web.client.MockRestServiceServerResetTestExecutionListener, org.springframework.boot.test.autoconfigure.web.servlet.MockMvcPrintOnlyOnFailureTestExecutionListener, org.springframework.boot.test.autoconfigure.web.servlet.WebDriverTestExecutionListener, org.springframework.boot.test.autoconfigure.webservices.client.MockWebServiceServerTestExecutionListener, org.springframework.boot.test.mock.mockito.MockitoTestExecutionListener, org.springframework.boot.test.mock.mockito.ResetMocksTestExecutionListener, org.springframework.test.context.web.ServletTestExecutionListener, org.springframework.test.context.support.DirtiesContextBeforeModesTestExecutionListener, org.springframework.test.context.event.ApplicationEventsTestExecutionListener, org.springframework.test.context.support.DependencyInjectionTestExecutionListener, org.springframework.test.context.support.DirtiesContextTestExecutionListener, org.springframework.test.context.transaction.TransactionalTestExecutionListener, org.springframework.test.context.jdbc.SqlScriptsTestExecutionListener, org.springframework.test.context.event.EventPublishingTestExecutionListener]
2025-06-19 14:44:30.301  INFO 12218 --- [    Test worker] .b.t.c.SpringBootTestContextBootstrapper : Using TestExecutionListeners: [org.springframework.test.context.web.ServletTestExecutionListener@69e8f7a5, org.springframework.test.context.support.DirtiesContextBeforeModesTestExecutionListener@1013aa94, org.springframework.test.context.event.ApplicationEventsTestExecutionListener@36bd07ec, org.springframework.boot.test.mock.mockito.MockitoTestExecutionListener@85b9f9c, org.springframework.boot.test.autoconfigure.SpringBootDependencyInjectionTestExecutionListener@26a004ed, org.springframework.test.context.support.DirtiesContextTestExecutionListener@2b6a4da7, org.springframework.test.context.transaction.TransactionalTestExecutionListener@75b6bd41, org.springframework.test.context.jdbc.SqlScriptsTestExecutionListener@21457b14, org.springframework.test.context.event.EventPublishingTestExecutionListener@7e484bd, org.springframework.boot.test.autoconfigure.restdocs.RestDocsTestExecutionListener@7e1ae693, org.springframework.boot.test.autoconfigure.web.client.MockRestServiceServerResetTestExecutionListener@3e0600a4, org.springframework.boot.test.autoconfigure.web.servlet.MockMvcPrintOnlyOnFailureTestExecutionListener@341141ab, org.springframework.boot.test.autoconfigure.web.servlet.WebDriverTestExecutionListener@1773faf8, org.springframework.boot.test.autoconfigure.webservices.client.MockWebServiceServerTestExecutionListener@3ef4a8fb, org.springframework.boot.test.mock.mockito.ResetMocksTestExecutionListener@30f99ca1]
]]></system-out>
  <system-err><![CDATA[]]></system-err>
</testsuite>
