<?xml version="1.0" encoding="UTF-8"?>
<testsuite name="com.group.libraryapp.LibraryAppApplicationTests" tests="1" skipped="0" failures="0" errors="0" timestamp="2025-06-19T05:44:30" hostname="MacBookPro.local" time="0.074">
  <properties/>
  <testcase name="contextLoads()" classname="com.group.libraryapp.LibraryAppApplicationTests" time="0.074"/>
  <system-out><![CDATA[14:44:28.899 [Test worker] DEBUG org.springframework.test.context.BootstrapUtils - Instantiating CacheAwareContextLoaderDelegate from class [org.springframework.test.context.cache.DefaultCacheAwareContextLoaderDelegate]
14:44:28.902 [Test worker] DEBUG org.springframework.test.context.BootstrapUtils - Instantiating BootstrapContext using constructor [public org.springframework.test.context.support.DefaultBootstrapContext(java.lang.Class,org.springframework.test.context.CacheAwareContextLoaderDelegate)]
14:44:28.912 [Test worker] DEBUG org.springframework.test.context.BootstrapUtils - Instantiating TestContextBootstrapper for test class [com.group.libraryapp.LibraryAppApplicationTests] from class [org.springframework.boot.test.context.SpringBootTestContextBootstrapper]
14:44:28.916 [Test worker] INFO org.springframework.boot.test.context.SpringBootTestContextBootstrapper - Neither @ContextConfiguration nor @ContextHierarchy found for test class [com.group.libraryapp.LibraryAppApplicationTests], using SpringBootContextLoader
14:44:28.917 [Test worker] DEBUG org.springframework.test.context.support.AbstractContextLoader - Did not detect default resource location for test class [com.group.libraryapp.LibraryAppApplicationTests]: class path resource [com/group/libraryapp/LibraryAppApplicationTests-context.xml] does not exist
14:44:28.917 [Test worker] DEBUG org.springframework.test.context.support.AbstractContextLoader - Did not detect default resource location for test class [com.group.libraryapp.LibraryAppApplicationTests]: class path resource [com/group/libraryapp/LibraryAppApplicationTestsContext.groovy] does not exist
14:44:28.917 [Test worker] INFO org.springframework.test.context.support.AbstractContextLoader - Could not detect default resource locations for test class [com.group.libraryapp.LibraryAppApplicationTests]: no resource found for suffixes {-context.xml, Context.groovy}.
14:44:28.918 [Test worker] INFO org.springframework.test.context.support.AnnotationConfigContextLoaderUtils - Could not detect default configuration classes for test class [com.group.libraryapp.LibraryAppApplicationTests]: LibraryAppApplicationTests does not declare any static, non-private, non-final, nested classes annotated with @Configuration.
14:44:28.931 [Test worker] DEBUG org.springframework.test.context.support.ActiveProfilesUtils - Could not find an 'annotation declaring class' for annotation type [org.springframework.test.context.ActiveProfiles] and class [com.group.libraryapp.LibraryAppApplicationTests]
14:44:28.950 [Test worker] DEBUG org.springframework.context.annotation.ClassPathScanningCandidateComponentProvider - Identified candidate component class: file [/Users/yoon/Desktop/inflearn/library-app/build/classes/java/main/com/group/libraryapp/LibraryAppApplication.class]
14:44:28.951 [Test worker] INFO org.springframework.boot.test.context.SpringBootTestContextBootstrapper - Found @SpringBootConfiguration com.group.libraryapp.LibraryAppApplication for test class com.group.libraryapp.LibraryAppApplicationTests
14:44:28.980 [Test worker] DEBUG org.springframework.boot.test.context.SpringBootTestContextBootstrapper - @TestExecutionListeners is not present for class [com.group.libraryapp.LibraryAppApplicationTests]: using defaults.
14:44:28.981 [Test worker] INFO org.springframework.boot.test.context.SpringBootTestContextBootstrapper - Loaded default TestExecutionListener class names from location [META-INF/spring.factories]: [org.springframework.boot.test.autoconfigure.restdocs.RestDocsTestExecutionListener, org.springframework.boot.test.autoconfigure.web.client.MockRestServiceServerResetTestExecutionListener, org.springframework.boot.test.autoconfigure.web.servlet.MockMvcPrintOnlyOnFailureTestExecutionListener, org.springframework.boot.test.autoconfigure.web.servlet.WebDriverTestExecutionListener, org.springframework.boot.test.autoconfigure.webservices.client.MockWebServiceServerTestExecutionListener, org.springframework.boot.test.mock.mockito.MockitoTestExecutionListener, org.springframework.boot.test.mock.mockito.ResetMocksTestExecutionListener, org.springframework.test.context.web.ServletTestExecutionListener, org.springframework.test.context.support.DirtiesContextBeforeModesTestExecutionListener, org.springframework.test.context.event.ApplicationEventsTestExecutionListener, org.springframework.test.context.support.DependencyInjectionTestExecutionListener, org.springframework.test.context.support.DirtiesContextTestExecutionListener, org.springframework.test.context.transaction.TransactionalTestExecutionListener, org.springframework.test.context.jdbc.SqlScriptsTestExecutionListener, org.springframework.test.context.event.EventPublishingTestExecutionListener]
14:44:28.986 [Test worker] INFO org.springframework.boot.test.context.SpringBootTestContextBootstrapper - Using TestExecutionListeners: [org.springframework.test.context.web.ServletTestExecutionListener@2bef51f2, org.springframework.test.context.support.DirtiesContextBeforeModesTestExecutionListener@650eab8, org.springframework.test.context.event.ApplicationEventsTestExecutionListener@30f5a68a, org.springframework.boot.test.mock.mockito.MockitoTestExecutionListener@1e1d3956, org.springframework.boot.test.autoconfigure.SpringBootDependencyInjectionTestExecutionListener@4f2c9ba6, org.springframework.test.context.support.DirtiesContextTestExecutionListener@4e28bdd1, org.springframework.test.context.transaction.TransactionalTestExecutionListener@53f48368, org.springframework.test.context.jdbc.SqlScriptsTestExecutionListener@24d4d7c9, org.springframework.test.context.event.EventPublishingTestExecutionListener@f0e995e, org.springframework.boot.test.autoconfigure.restdocs.RestDocsTestExecutionListener@4c37b5b, org.springframework.boot.test.autoconfigure.web.client.MockRestServiceServerResetTestExecutionListener@73db4768, org.springframework.boot.test.autoconfigure.web.servlet.MockMvcPrintOnlyOnFailureTestExecutionListener@71b3bc45, org.springframework.boot.test.autoconfigure.web.servlet.WebDriverTestExecutionListener@a8c1f44, org.springframework.boot.test.autoconfigure.webservices.client.MockWebServiceServerTestExecutionListener@150ab4ed, org.springframework.boot.test.mock.mockito.ResetMocksTestExecutionListener@3c435123]
14:44:28.987 [Test worker] DEBUG org.springframework.test.context.support.AbstractDirtiesContextTestExecutionListener - Before test class: context [DefaultTestContext@15eebbff testClass = LibraryAppApplicationTests, testInstance = [null], testMethod = [null], testException = [null], mergedContextConfiguration = [WebMergedContextConfiguration@22d6f11 testClass = LibraryAppApplicationTests, locations = '{}', classes = '{class com.group.libraryapp.LibraryAppApplication}', contextInitializerClasses = '[]', activeProfiles = '{}', propertySourceLocations = '{}', propertySourceProperties = '{org.springframework.boot.test.context.SpringBootTestContextBootstrapper=true}', contextCustomizers = set[org.springframework.boot.test.autoconfigure.actuate.metrics.MetricsExportContextCustomizerFactory$DisableMetricExportContextCustomizer@5b6ec132, org.springframework.boot.test.autoconfigure.properties.PropertyMappingContextCustomizer@0, org.springframework.boot.test.autoconfigure.web.servlet.WebDriverContextCustomizerFactory$Customizer@6cce16f4, org.springframework.boot.test.context.filter.ExcludeFilterContextCustomizer@3b7d3a38, org.springframework.boot.test.json.DuplicateJsonObjectContextCustomizerFactory$DuplicateJsonObjectContextCustomizer@73cd37c0, org.springframework.boot.test.mock.mockito.MockitoContextCustomizer@0, org.springframework.boot.test.web.client.TestRestTemplateContextCustomizer@35432107, org.springframework.boot.test.context.SpringBootTestArgs@1, org.springframework.boot.test.context.SpringBootTestWebEnvironment@4c309d4d], resourceBasePath = 'src/main/webapp', contextLoader = 'org.springframework.boot.test.context.SpringBootContextLoader', parent = [null]], attributes = map['org.springframework.test.context.web.ServletTestExecutionListener.activateListener' -> true]], class annotated with @DirtiesContext [false] with mode [null].

  .   ____          _            __ _ _
 /\\ / ___'_ __ _ _(_)_ __  __ _ \ \ \ \
( ( )\___ | '_ | '_| | '_ \/ _` | \ \ \ \
 \\/  ___)| |_)| | | | | || (_| |  ) ) ) )
  '  |____| .__|_| |_|_| |_\__, | / / / /
 =========|_|==============|___/=/_/_/_/
 :: Spring Boot ::                (v2.6.8)

2025-06-19 14:44:29.086  INFO 12218 --- [    Test worker] c.g.l.LibraryAppApplicationTests         : Starting LibraryAppApplicationTests using Java 17.0.15 on MacBookPro.local with PID 12218 (started by yoon in /Users/yoon/Desktop/inflearn/library-app)
2025-06-19 14:44:29.088  INFO 12218 --- [    Test worker] c.g.l.LibraryAppApplicationTests         : No active profile set, falling back to 1 default profile: "default"
2025-06-19 14:44:29.284  INFO 12218 --- [    Test worker] .s.d.r.c.RepositoryConfigurationDelegate : Bootstrapping Spring Data JPA repositories in DEFAULT mode.
2025-06-19 14:44:29.299  INFO 12218 --- [    Test worker] .s.d.r.c.RepositoryConfigurationDelegate : Finished Spring Data repository scanning in 13 ms. Found 3 JPA repository interfaces.
2025-06-19 14:44:29.454  INFO 12218 --- [    Test worker] o.hibernate.jpa.internal.util.LogHelper  : HHH000204: Processing PersistenceUnitInfo [name: default]
2025-06-19 14:44:29.475  INFO 12218 --- [    Test worker] org.hibernate.Version                    : HHH000412: Hibernate ORM core version 5.6.9.Final
2025-06-19 14:44:29.529  INFO 12218 --- [    Test worker] o.hibernate.annotations.common.Version   : HCANN000001: Hibernate Commons Annotations {5.1.2.Final}
2025-06-19 14:44:29.557  INFO 12218 --- [    Test worker] com.zaxxer.hikari.HikariDataSource       : HikariPool-1 - Starting...
2025-06-19 14:44:29.610  INFO 12218 --- [    Test worker] com.zaxxer.hikari.HikariDataSource       : HikariPool-1 - Start completed.
2025-06-19 14:44:29.621  INFO 12218 --- [    Test worker] org.hibernate.dialect.Dialect            : HHH000400: Using dialect: org.hibernate.dialect.H2Dialect
Hibernate: 
    
    drop table if exists book CASCADE 
Hibernate: 
    
    drop table if exists user CASCADE 
Hibernate: 
    
    drop table if exists user_loan_history CASCADE 
Hibernate: 
    
    create table book (
       id bigint generated by default as identity,
        name varchar(255),
        primary key (id)
    )
Hibernate: 
    
    create table user (
       id bigint generated by default as identity,
        age integer,
        name varchar(255),
        primary key (id)
    )
Hibernate: 
    
    create table user_loan_history (
       id bigint generated by default as identity,
        book_name varchar(255),
        is_return boolean not null,
        user_id bigint,
        primary key (id)
    )
Hibernate: 
    
    alter table user_loan_history 
       add constraint FKa17jbf1po26eytdyvyj73b4rw 
       foreign key (user_id) 
       references user
2025-06-19 14:44:29.756  INFO 12218 --- [    Test worker] o.h.e.t.j.p.i.JtaPlatformInitiator       : HHH000490: Using JtaPlatform implementation: [org.hibernate.engine.transaction.jta.platform.internal.NoJtaPlatform]
2025-06-19 14:44:29.758  INFO 12218 --- [    Test worker] j.LocalContainerEntityManagerFactoryBean : Initialized JPA EntityManagerFactory for persistence unit 'default'
2025-06-19 14:44:30.067  WARN 12218 --- [    Test worker] JpaBaseConfiguration$JpaWebConfiguration : spring.jpa.open-in-view is enabled by default. Therefore, database queries may be performed during view rendering. Explicitly configure spring.jpa.open-in-view to disable this warning
2025-06-19 14:44:30.135  INFO 12218 --- [    Test worker] o.s.b.a.h2.H2ConsoleAutoConfiguration    : H2 console available at '/h2-console'. Database available at 'jdbc:h2:mem:library'
2025-06-19 14:44:30.217  INFO 12218 --- [    Test worker] c.g.l.LibraryAppApplicationTests         : Started LibraryAppApplicationTests in 1.218 seconds (JVM running for 1.555)
]]></system-out>
  <system-err><![CDATA[]]></system-err>
</testsuite>
