<?xml version="1.0" encoding="UTF-8"?>
<testsuite name="com.group.libraryapp.service.book.BookServiceTest" tests="1" skipped="0" failures="0" errors="0" timestamp="2025-06-18T13:33:54" hostname="MacBookPro.local" time="0.001">
  <properties/>
  <testcase name="책 등록 정상 동작" classname="com.group.libraryapp.service.book.BookServiceTest" time="0.001"/>
  <system-out><![CDATA[2025-06-18 22:33:54.487  INFO 8498 --- [    Test worker] .b.t.c.SpringBootTestContextBootstrapper : Neither @ContextConfiguration nor @ContextHierarchy found for test class [com.group.libraryapp.service.book.BookServiceTest], using SpringBootContextLoader
2025-06-18 22:33:54.487  INFO 8498 --- [    Test worker] o.s.t.c.support.AbstractContextLoader    : Could not detect default resource locations for test class [com.group.libraryapp.service.book.BookServiceTest]: no resource found for suffixes {-context.xml, Context.groovy}.
2025-06-18 22:33:54.487  INFO 8498 --- [    Test worker] t.c.s.AnnotationConfigContextLoaderUtils : Could not detect default configuration classes for test class [com.group.libraryapp.service.book.BookServiceTest]: BookServiceTest does not declare any static, non-private, non-final, nested classes annotated with @Configuration.
2025-06-18 22:33:54.489  INFO 8498 --- [    Test worker] .b.t.c.SpringBootTestContextBootstrapper : Found @SpringBootConfiguration com.group.libraryapp.LibraryAppApplication for test class com.group.libraryapp.service.book.BookServiceTest
2025-06-18 22:33:54.490  INFO 8498 --- [    Test worker] .b.t.c.SpringBootTestContextBootstrapper : Loaded default TestExecutionListener class names from location [META-INF/spring.factories]: [org.springframework.boot.test.autoconfigure.restdocs.RestDocsTestExecutionListener, org.springframework.boot.test.autoconfigure.web.client.MockRestServiceServerResetTestExecutionListener, org.springframework.boot.test.autoconfigure.web.servlet.MockMvcPrintOnlyOnFailureTestExecutionListener, org.springframework.boot.test.autoconfigure.web.servlet.WebDriverTestExecutionListener, org.springframework.boot.test.autoconfigure.webservices.client.MockWebServiceServerTestExecutionListener, org.springframework.boot.test.mock.mockito.MockitoTestExecutionListener, org.springframework.boot.test.mock.mockito.ResetMocksTestExecutionListener, org.springframework.test.context.web.ServletTestExecutionListener, org.springframework.test.context.support.DirtiesContextBeforeModesTestExecutionListener, org.springframework.test.context.event.ApplicationEventsTestExecutionListener, org.springframework.test.context.support.DependencyInjectionTestExecutionListener, org.springframework.test.context.support.DirtiesContextTestExecutionListener, org.springframework.test.context.transaction.TransactionalTestExecutionListener, org.springframework.test.context.jdbc.SqlScriptsTestExecutionListener, org.springframework.test.context.event.EventPublishingTestExecutionListener]
2025-06-18 22:33:54.490  INFO 8498 --- [    Test worker] .b.t.c.SpringBootTestContextBootstrapper : Using TestExecutionListeners: [org.springframework.test.context.web.ServletTestExecutionListener@17635531, org.springframework.test.context.support.DirtiesContextBeforeModesTestExecutionListener@2e488e45, org.springframework.test.context.event.ApplicationEventsTestExecutionListener@396519b, org.springframework.boot.test.mock.mockito.MockitoTestExecutionListener@18ad085a, org.springframework.boot.test.autoconfigure.SpringBootDependencyInjectionTestExecutionListener@15ea0ca3, org.springframework.test.context.support.DirtiesContextTestExecutionListener@7f3a92fd, org.springframework.test.context.transaction.TransactionalTestExecutionListener@4e111e08, org.springframework.test.context.jdbc.SqlScriptsTestExecutionListener@3e0e3048, org.springframework.test.context.event.EventPublishingTestExecutionListener@7bc4ac3e, org.springframework.boot.test.autoconfigure.restdocs.RestDocsTestExecutionListener@504274c1, org.springframework.boot.test.autoconfigure.web.client.MockRestServiceServerResetTestExecutionListener@16e5c19f, org.springframework.boot.test.autoconfigure.web.servlet.MockMvcPrintOnlyOnFailureTestExecutionListener@59263f7b, org.springframework.boot.test.autoconfigure.web.servlet.WebDriverTestExecutionListener@7ddcd3d, org.springframework.boot.test.autoconfigure.webservices.client.MockWebServiceServerTestExecutionListener@447a557b, org.springframework.boot.test.mock.mockito.ResetMocksTestExecutionListener@7cab8d52]
]]></system-out>
  <system-err><![CDATA[]]></system-err>
</testsuite>
