<?xml version="1.0" encoding="UTF-8"?>
<testsuite name="com.group.libraryapp.service.book.BookServiceTest" tests="1" skipped="0" failures="0" errors="0" timestamp="2025-06-19T06:14:37" hostname="MacBookPro.local" time="0.001">
  <properties/>
  <testcase name="책 등록 정상 동작" classname="com.group.libraryapp.service.book.BookServiceTest" time="0.001"/>
  <system-out><![CDATA[2025-06-19 15:14:37.668  INFO 13851 --- [    Test worker] .b.t.c.SpringBootTestContextBootstrapper : Neither @ContextConfiguration nor @ContextHierarchy found for test class [com.group.libraryapp.service.book.BookServiceTest], using SpringBootContextLoader
2025-06-19 15:14:37.668  INFO 13851 --- [    Test worker] o.s.t.c.support.AbstractContextLoader    : Could not detect default resource locations for test class [com.group.libraryapp.service.book.BookServiceTest]: no resource found for suffixes {-context.xml, Context.groovy}.
2025-06-19 15:14:37.669  INFO 13851 --- [    Test worker] t.c.s.AnnotationConfigContextLoaderUtils : Could not detect default configuration classes for test class [com.group.libraryapp.service.book.BookServiceTest]: BookServiceTest does not declare any static, non-private, non-final, nested classes annotated with @Configuration.
2025-06-19 15:14:37.670  INFO 13851 --- [    Test worker] .b.t.c.SpringBootTestContextBootstrapper : Found @SpringBootConfiguration com.group.libraryapp.LibraryAppApplication for test class com.group.libraryapp.service.book.BookServiceTest
2025-06-19 15:14:37.671  INFO 13851 --- [    Test worker] .b.t.c.SpringBootTestContextBootstrapper : Loaded default TestExecutionListener class names from location [META-INF/spring.factories]: [org.springframework.boot.test.autoconfigure.restdocs.RestDocsTestExecutionListener, org.springframework.boot.test.autoconfigure.web.client.MockRestServiceServerResetTestExecutionListener, org.springframework.boot.test.autoconfigure.web.servlet.MockMvcPrintOnlyOnFailureTestExecutionListener, org.springframework.boot.test.autoconfigure.web.servlet.WebDriverTestExecutionListener, org.springframework.boot.test.autoconfigure.webservices.client.MockWebServiceServerTestExecutionListener, org.springframework.boot.test.mock.mockito.MockitoTestExecutionListener, org.springframework.boot.test.mock.mockito.ResetMocksTestExecutionListener, org.springframework.test.context.web.ServletTestExecutionListener, org.springframework.test.context.support.DirtiesContextBeforeModesTestExecutionListener, org.springframework.test.context.event.ApplicationEventsTestExecutionListener, org.springframework.test.context.support.DependencyInjectionTestExecutionListener, org.springframework.test.context.support.DirtiesContextTestExecutionListener, org.springframework.test.context.transaction.TransactionalTestExecutionListener, org.springframework.test.context.jdbc.SqlScriptsTestExecutionListener, org.springframework.test.context.event.EventPublishingTestExecutionListener]
2025-06-19 15:14:37.671  INFO 13851 --- [    Test worker] .b.t.c.SpringBootTestContextBootstrapper : Using TestExecutionListeners: [org.springframework.test.context.web.ServletTestExecutionListener@38991781, org.springframework.test.context.support.DirtiesContextBeforeModesTestExecutionListener@3c577368, org.springframework.test.context.event.ApplicationEventsTestExecutionListener@57c7ec30, org.springframework.boot.test.mock.mockito.MockitoTestExecutionListener@729de0e1, org.springframework.boot.test.autoconfigure.SpringBootDependencyInjectionTestExecutionListener@2c8c42c, org.springframework.test.context.support.DirtiesContextTestExecutionListener@5032b2e, org.springframework.test.context.transaction.TransactionalTestExecutionListener@6d4df1d2, org.springframework.test.context.jdbc.SqlScriptsTestExecutionListener@70ca8e72, org.springframework.test.context.event.EventPublishingTestExecutionListener@34e7cde3, org.springframework.boot.test.autoconfigure.restdocs.RestDocsTestExecutionListener@2821da0a, org.springframework.boot.test.autoconfigure.web.client.MockRestServiceServerResetTestExecutionListener@2ae07dbd, org.springframework.boot.test.autoconfigure.web.servlet.MockMvcPrintOnlyOnFailureTestExecutionListener@e7ddf8d, org.springframework.boot.test.autoconfigure.web.servlet.WebDriverTestExecutionListener@47f8374, org.springframework.boot.test.autoconfigure.webservices.client.MockWebServiceServerTestExecutionListener@22a8e87b, org.springframework.boot.test.mock.mockito.ResetMocksTestExecutionListener@b8c6406]
]]></system-out>
  <system-err><![CDATA[]]></system-err>
</testsuite>
